Warning: spaCy not loaded. Using basic CV parsing.
================================================================================
Traceback (most recent call last):
  File "d:\Echelon\backend\ml_fair_hire_sentinel.py", line 11, in <module>
    import spacy
ModuleNotFoundError: No module named 'spacy'

During handling of the above exception, another exception occurred:

Traceback (most recent call last):
  File "d:\Echelon\backend\main.py", line 7, in <module>
    from ml_fair_hire_sentinel import FairHireSentinel
  File "d:\Echelon\backend\ml_fair_hire_sentinel.py", line 17, in <module>
    print("\u26a0\ufe0f  WARNING: spaCy model 'en_core_web_sm' not loaded")
  File "C:\Program Files\WindowsApps\PythonSoftwareFoundation.Python.3.11_3.11.2544.0_x64__qbz5n2kfra8p0\Lib\encodings\cp1252.py", line 19, in encode
    return codecs.charmap_encode(input,self.errors,encoding_table)[0]
           ^^^^^^^^^^^^^^^^^^^^^^^^^^^^^^^^^^^^^^^^^^^^^^^^^^^^^^^
UnicodeEncodeError: 'charmap' codec can't encode characters in position 0-1: character maps to <undefined>
